p- 2019-02-28 20:47:11.200775 test
p- 2019-02-28 20:48:29.021265 test
p- 2019-02-28 20:55:16.104776 
p- p- 2019-02-28 20:55:40.701473 lk
2019-03-01 09:15:55.809166 paper writing
2019-03-01 10:06:48.296719 paper writing
2019-03-01 11:00:34.107160 paper writing
p- 2019-03-01 11:18:26.251991 paper writing
2019-03-01 11:43:31.491911 paper writing
p- 2019-03-01 15:14:02.607343 paper writing
2019-03-01 17:34:11.066539 paper writing
2019-03-02 09:35:54.996081 reading background
2019-03-02 10:29:00.358380 reading backgroundEvaluation
[15] showed that distributed geographical information processing
(DGIP) has many benefits, however, its application is not straight-
forward. Even existing open-source components can be reused in
distributed environment with proper care 
p- 2019-03-02 10:57:42.196935 writing
2019-03-02 11:47:09.012371 writingf
p- p- 2019-03-02 14:53:19.850528 writing
2019-03-02 15:18:24.790455 writing
2019-03-02 17:15:44.714455 writing
2019-03-04 10:12:26.372283 anki settings
2019-03-04 10:42:29.386103 anki settings
2019-03-04 11:25:18.808635 anki settings
2019-03-04 15:28:47.259990 anki settings
2019-03-04 16:23:26.147706 anki settings
2019-03-04 17:12:01.384685 anki settings
2019-03-05 09:07:41.561049 related work
2019-03-05 10:09:58.280249 spatial hadoop based
2019-03-05 11:11:48.535450 background
2019-03-05 13:57:37.797169 background
p- 2019-03-05 15:03:14.715441 background
2019-03-05 16:12:05.830564 colocation
2019-03-05 16:50:26.933303 colocation
2019-03-05 17:16:56.655975 colocation
2019-03-08 09:24:40.419924 card
2019-03-08 14:53:47.912346 mind of paper
p- 2019-03-09 11:18:08.645823 mind of paper
2019-03-09 15:13:06.278827 
2019-03-09 16:54:18.896394 background
2019-03-09 17:51:00.504052 background
2019-03-10 10:19:47.773320 week report
2019-03-10 11:53:50.635439 coding
p- p- 2019-03-11 08:49:32.493400 
2019-03-11 09:24:58.917312 coding
2019-03-11 10:16:42.832183 color
2019-03-11 11:29:02.282634 color
